This is pdfTeX, Version 3.14159265-2.6-1.40.19 (TeX Live 2018) (preloaded format=pdflatex 2018.4.16)  15 DEC 2024 22:14
entering extended mode
 restricted \write18 enabled.
 file:line:error style messages enabled.
 %&-line parsing enabled.
**Data_698_final.tex
(./Data_698_final.tex
LaTeX2e <2018-04-01> patch level 2
Babel <3.18> and hyphenation patterns for 84 language(s) loaded.
(/usr/local/texlive/2018/texmf-dist/tex/latex/base/article.cls
Document Class: article 2014/09/29 v1.4h Standard LaTeX document class
(/usr/local/texlive/2018/texmf-dist/tex/latex/base/size11.clo
File: size11.clo 2014/09/29 v1.4h Standard LaTeX file (size option)
)
\c@part=\count80
\c@section=\count81
\c@subsection=\count82
\c@subsubsection=\count83
\c@paragraph=\count84
\c@subparagraph=\count85
\c@figure=\count86
\c@table=\count87
\abovecaptionskip=\skip41
\belowcaptionskip=\skip42
\bibindent=\dimen102
)
(/usr/local/texlive/2018/texmf-dist/tex/latex/geometry/geometry.sty
Package: geometry 2018/03/24 v5.7 Page Geometry

(/usr/local/texlive/2018/texmf-dist/tex/latex/graphics/keyval.sty
Package: keyval 2014/10/28 v1.15 key=value parser (DPC)
\KV@toks@=\toks14
)
(/usr/local/texlive/2018/texmf-dist/tex/generic/oberdiek/ifpdf.sty
Package: ifpdf 2017/03/15 v3.2 Provides the ifpdf switch
)
(/usr/local/texlive/2018/texmf-dist/tex/generic/oberdiek/ifvtex.sty
Package: ifvtex 2016/05/16 v1.6 Detect VTeX and its facilities (HO)
Package ifvtex Info: VTeX not detected.
)
(/usr/local/texlive/2018/texmf-dist/tex/generic/ifxetex/ifxetex.sty
Package: ifxetex 2010/09/12 v0.6 Provides ifxetex conditional
)
\Gm@cnth=\count88
\Gm@cntv=\count89
\c@Gm@tempcnt=\count90
\Gm@bindingoffset=\dimen103
\Gm@wd@mp=\dimen104
\Gm@odd@mp=\dimen105
\Gm@even@mp=\dimen106
\Gm@layoutwidth=\dimen107
\Gm@layoutheight=\dimen108
\Gm@layouthoffset=\dimen109
\Gm@layoutvoffset=\dimen110
\Gm@dimlist=\toks15
)
(/usr/local/texlive/2018/texmf-dist/tex/latex/graphics/graphicx.sty
Package: graphicx 2017/06/01 v1.1a Enhanced LaTeX Graphics (DPC,SPQR)

(/usr/local/texlive/2018/texmf-dist/tex/latex/graphics/graphics.sty
Package: graphics 2017/06/25 v1.2c Standard LaTeX Graphics (DPC,SPQR)

(/usr/local/texlive/2018/texmf-dist/tex/latex/graphics/trig.sty
Package: trig 2016/01/03 v1.10 sin cos tan (DPC)
)
(/usr/local/texlive/2018/texmf-dist/tex/latex/graphics-cfg/graphics.cfg
File: graphics.cfg 2016/06/04 v1.11 sample graphics configuration
)
Package graphics Info: Driver file: pdftex.def on input line 99.

(/usr/local/texlive/2018/texmf-dist/tex/latex/graphics-def/pdftex.def
File: pdftex.def 2018/01/08 v1.0l Graphics/color driver for pdftex
))
\Gin@req@height=\dimen111
\Gin@req@width=\dimen112
)
(/usr/local/texlive/2018/texmf-dist/tex/latex/amsfonts/amssymb.sty
Package: amssymb 2013/01/14 v3.01 AMS font symbols

(/usr/local/texlive/2018/texmf-dist/tex/latex/amsfonts/amsfonts.sty
Package: amsfonts 2013/01/14 v3.01 Basic AMSFonts support
\@emptytoks=\toks16
\symAMSa=\mathgroup4
\symAMSb=\mathgroup5
LaTeX Font Info:    Overwriting math alphabet `\mathfrak' in version `bold'
(Font)                  U/euf/m/n --> U/euf/b/n on input line 106.
))
(/usr/local/texlive/2018/texmf-dist/tex/latex/caption/caption.sty
Package: caption 2016/02/21 v3.3-144 Customizing captions (AR)

(/usr/local/texlive/2018/texmf-dist/tex/latex/caption/caption3.sty
Package: caption3 2016/05/22 v1.7-166 caption3 kernel (AR)
Package caption3 Info: TeX engine: e-TeX on input line 67.
\captionmargin=\dimen113
\captionmargin@=\dimen114
\captionwidth=\dimen115
\caption@tempdima=\dimen116
\caption@indent=\dimen117
\caption@parindent=\dimen118
\caption@hangindent=\dimen119
)
\c@ContinuedFloat=\count91
)
(/usr/local/texlive/2018/texmf-dist/tex/latex/hyperref/hyperref.sty
Package: hyperref 2018/02/06 v6.86b Hypertext links for LaTeX

(/usr/local/texlive/2018/texmf-dist/tex/generic/oberdiek/hobsub-hyperref.sty
Package: hobsub-hyperref 2016/05/16 v1.14 Bundle oberdiek, subset hyperref (HO)


(/usr/local/texlive/2018/texmf-dist/tex/generic/oberdiek/hobsub-generic.sty
Package: hobsub-generic 2016/05/16 v1.14 Bundle oberdiek, subset generic (HO)
Package: hobsub 2016/05/16 v1.14 Construct package bundles (HO)
Package: infwarerr 2016/05/16 v1.4 Providing info/warning/error messages (HO)
Package: ltxcmds 2016/05/16 v1.23 LaTeX kernel commands for general use (HO)
Package: ifluatex 2016/05/16 v1.4 Provides the ifluatex switch (HO)
Package ifluatex Info: LuaTeX not detected.
Package hobsub Info: Skipping package `ifvtex' (already loaded).
Package: intcalc 2016/05/16 v1.2 Expandable calculations with integers (HO)
Package hobsub Info: Skipping package `ifpdf' (already loaded).
Package: etexcmds 2016/05/16 v1.6 Avoid name clashes with e-TeX commands (HO)
Package etexcmds Info: Could not find \expanded.
(etexcmds)             That can mean that you are not using pdfTeX 1.50 or
(etexcmds)             that some package has redefined \expanded.
(etexcmds)             In the latter case, load this package earlier.
Package: kvsetkeys 2016/05/16 v1.17 Key value parser (HO)
Package: kvdefinekeys 2016/05/16 v1.4 Define keys (HO)
Package: pdftexcmds 2018/01/30 v0.27 Utility functions of pdfTeX for LuaTeX (HO
)
Package pdftexcmds Info: LuaTeX not detected.
Package pdftexcmds Info: \pdf@primitive is available.
Package pdftexcmds Info: \pdf@ifprimitive is available.
Package pdftexcmds Info: \pdfdraftmode found.
Package: pdfescape 2016/05/16 v1.14 Implements pdfTeX's escape features (HO)
Package: bigintcalc 2016/05/16 v1.4 Expandable calculations on big integers (HO
)
Package: bitset 2016/05/16 v1.2 Handle bit-vector datatype (HO)
Package: uniquecounter 2016/05/16 v1.3 Provide unlimited unique counter (HO)
)
Package hobsub Info: Skipping package `hobsub' (already loaded).
Package: letltxmacro 2016/05/16 v1.5 Let assignment for LaTeX macros (HO)
Package: hopatch 2016/05/16 v1.3 Wrapper for package hooks (HO)
Package: xcolor-patch 2016/05/16 xcolor patch
Package: atveryend 2016/05/16 v1.9 Hooks at the very end of document (HO)
Package atveryend Info: \enddocument detected (standard20110627).
Package: atbegshi 2016/06/09 v1.18 At begin shipout hook (HO)
Package: refcount 2016/05/16 v3.5 Data extraction from label references (HO)
Package: hycolor 2016/05/16 v1.8 Color options for hyperref/bookmark (HO)
)
(/usr/local/texlive/2018/texmf-dist/tex/latex/oberdiek/auxhook.sty
Package: auxhook 2016/05/16 v1.4 Hooks for auxiliary files (HO)
)
(/usr/local/texlive/2018/texmf-dist/tex/latex/oberdiek/kvoptions.sty
Package: kvoptions 2016/05/16 v3.12 Key value format for package options (HO)
)
\@linkdim=\dimen120
\Hy@linkcounter=\count92
\Hy@pagecounter=\count93

(/usr/local/texlive/2018/texmf-dist/tex/latex/hyperref/pd1enc.def
File: pd1enc.def 2018/02/06 v6.86b Hyperref: PDFDocEncoding definition (HO)
Now handling font encoding PD1 ...
... no UTF-8 mapping file for font encoding PD1
)
\Hy@SavedSpaceFactor=\count94

(/usr/local/texlive/2018/texmf-dist/tex/latex/latexconfig/hyperref.cfg
File: hyperref.cfg 2002/06/06 v1.2 hyperref configuration of TeXLive
)
Package hyperref Info: Hyper figures OFF on input line 4509.
Package hyperref Info: Link nesting OFF on input line 4514.
Package hyperref Info: Hyper index ON on input line 4517.
Package hyperref Info: Plain pages OFF on input line 4524.
Package hyperref Info: Backreferencing OFF on input line 4529.
Package hyperref Info: Implicit mode ON; LaTeX internals redefined.
Package hyperref Info: Bookmarks ON on input line 4762.
\c@Hy@tempcnt=\count95

(/usr/local/texlive/2018/texmf-dist/tex/latex/url/url.sty
\Urlmuskip=\muskip10
Package: url 2013/09/16  ver 3.4  Verb mode for urls, etc.
)
LaTeX Info: Redefining \url on input line 5115.
\XeTeXLinkMargin=\dimen121
\Fld@menulength=\count96
\Field@Width=\dimen122
\Fld@charsize=\dimen123
Package hyperref Info: Hyper figures OFF on input line 6369.
Package hyperref Info: Link nesting OFF on input line 6374.
Package hyperref Info: Hyper index ON on input line 6377.
Package hyperref Info: backreferencing OFF on input line 6384.
Package hyperref Info: Link coloring OFF on input line 6389.
Package hyperref Info: Link coloring with OCG OFF on input line 6394.
Package hyperref Info: PDF/A mode OFF on input line 6399.
LaTeX Info: Redefining \ref on input line 6439.
LaTeX Info: Redefining \pageref on input line 6443.
\Hy@abspage=\count97
\c@Item=\count98
\c@Hfootnote=\count99
)
Package hyperref Info: Driver (autodetected): hpdftex.

(/usr/local/texlive/2018/texmf-dist/tex/latex/hyperref/hpdftex.def
File: hpdftex.def 2018/02/06 v6.86b Hyperref driver for pdfTeX
\Fld@listcount=\count100
\c@bookmark@seq@number=\count101

(/usr/local/texlive/2018/texmf-dist/tex/latex/oberdiek/rerunfilecheck.sty
Package: rerunfilecheck 2016/05/16 v1.8 Rerun checks for auxiliary files (HO)
Package uniquecounter Info: New unique counter `rerunfilecheck' on input line 2
82.
)
\Hy@SectionHShift=\skip43
)
(/usr/local/texlive/2018/texmf-dist/tex/latex/braket/braket.sty)
(/usr/local/texlive/2018/texmf-dist/tex/latex/amsmath/amsmath.sty
Package: amsmath 2017/09/02 v2.17a AMS math features
\@mathmargin=\skip44

For additional information on amsmath, use the `?' option.
(/usr/local/texlive/2018/texmf-dist/tex/latex/amsmath/amstext.sty
Package: amstext 2000/06/29 v2.01 AMS text

(/usr/local/texlive/2018/texmf-dist/tex/latex/amsmath/amsgen.sty
File: amsgen.sty 1999/11/30 v2.0 generic functions
\@emptytoks=\toks17
\ex@=\dimen124
))
(/usr/local/texlive/2018/texmf-dist/tex/latex/amsmath/amsbsy.sty
Package: amsbsy 1999/11/29 v1.2d Bold Symbols
\pmbraise@=\dimen125
)
(/usr/local/texlive/2018/texmf-dist/tex/latex/amsmath/amsopn.sty
Package: amsopn 2016/03/08 v2.02 operator names
)
\inf@bad=\count102
LaTeX Info: Redefining \frac on input line 213.
\uproot@=\count103
\leftroot@=\count104
LaTeX Info: Redefining \overline on input line 375.
\classnum@=\count105
\DOTSCASE@=\count106
LaTeX Info: Redefining \ldots on input line 472.
LaTeX Info: Redefining \dots on input line 475.
LaTeX Info: Redefining \cdots on input line 596.
\Mathstrutbox@=\box26
\strutbox@=\box27
\big@size=\dimen126
LaTeX Font Info:    Redeclaring font encoding OML on input line 712.
LaTeX Font Info:    Redeclaring font encoding OMS on input line 713.
\macc@depth=\count107
\c@MaxMatrixCols=\count108
\dotsspace@=\muskip11
\c@parentequation=\count109
\dspbrk@lvl=\count110
\tag@help=\toks18
\row@=\count111
\column@=\count112
\maxfields@=\count113
\andhelp@=\toks19
\eqnshift@=\dimen127
\alignsep@=\dimen128
\tagshift@=\dimen129
\tagwidth@=\dimen130
\totwidth@=\dimen131
\lineht@=\dimen132
\@envbody=\toks20
\multlinegap=\skip45
\multlinetaggap=\skip46
\mathdisplay@stack=\toks21
LaTeX Info: Redefining \[ on input line 2817.
LaTeX Info: Redefining \] on input line 2818.
)
(/usr/local/texlive/2018/texmf-dist/tex/latex/setspace/setspace.sty
Package: setspace 2011/12/19 v6.7a set line spacing
)
(/usr/local/texlive/2018/texmf-dist/tex/latex/enumitem/enumitem.sty
Package: enumitem 2011/09/28 v3.5.2 Customized lists
\labelindent=\skip47
\enit@outerparindent=\dimen133
\enit@toks=\toks22
\enit@inbox=\box28
\enitdp@description=\count114
)
(./Data_698_final.aux

LaTeX Warning: Label `tab6' multiply defined.


LaTeX Warning: Label `fig14' multiply defined.

)
\openout1 = `Data_698_final.aux'.

LaTeX Font Info:    Checking defaults for OML/cmm/m/it on input line 27.
LaTeX Font Info:    ... okay on input line 27.
LaTeX Font Info:    Checking defaults for T1/cmr/m/n on input line 27.
LaTeX Font Info:    ... okay on input line 27.
LaTeX Font Info:    Checking defaults for OT1/cmr/m/n on input line 27.
LaTeX Font Info:    ... okay on input line 27.
LaTeX Font Info:    Checking defaults for OMS/cmsy/m/n on input line 27.
LaTeX Font Info:    ... okay on input line 27.
LaTeX Font Info:    Checking defaults for OMX/cmex/m/n on input line 27.
LaTeX Font Info:    ... okay on input line 27.
LaTeX Font Info:    Checking defaults for U/cmr/m/n on input line 27.
LaTeX Font Info:    ... okay on input line 27.
LaTeX Font Info:    Checking defaults for PD1/pdf/m/n on input line 27.
LaTeX Font Info:    ... okay on input line 27.

*geometry* driver: auto-detecting
*geometry* detected driver: pdftex
*geometry* verbose mode - [ preamble ] result:
* driver: pdftex
* paper: letterpaper
* layout: <same size as paper>
* layoutoffset:(h,v)=(0.0pt,0.0pt)
* modes: 
* h-part:(L,W,R)=(108.405pt, 397.485pt, 108.405pt)
* v-part:(T,H,B)=(72.26999pt, 614.295pt, 108.405pt)
* \paperwidth=614.295pt
* \paperheight=794.96999pt
* \textwidth=397.485pt
* \textheight=614.295pt
* \oddsidemargin=36.13501pt
* \evensidemargin=36.13501pt
* \topmargin=-37.0pt
* \headheight=12.0pt
* \headsep=25.0pt
* \topskip=11.0pt
* \footskip=30.0pt
* \marginparwidth=59.0pt
* \marginparsep=10.0pt
* \columnsep=10.0pt
* \skip\footins=10.0pt plus 4.0pt minus 2.0pt
* \hoffset=0.0pt
* \voffset=0.0pt
* \mag=1000
* \@twocolumnfalse
* \@twosidefalse
* \@mparswitchfalse
* \@reversemarginfalse
* (1in=72.27pt=25.4mm, 1cm=28.453pt)

(/usr/local/texlive/2018/texmf-dist/tex/context/base/mkii/supp-pdf.mkii
[Loading MPS to PDF converter (version 2006.09.02).]
\scratchcounter=\count115
\scratchdimen=\dimen134
\scratchbox=\box29
\nofMPsegments=\count116
\nofMParguments=\count117
\everyMPshowfont=\toks23
\MPscratchCnt=\count118
\MPscratchDim=\dimen135
\MPnumerator=\count119
\makeMPintoPDFobject=\count120
\everyMPtoPDFconversion=\toks24
) (/usr/local/texlive/2018/texmf-dist/tex/latex/oberdiek/epstopdf-base.sty
Package: epstopdf-base 2016/05/15 v2.6 Base part for package epstopdf

(/usr/local/texlive/2018/texmf-dist/tex/latex/oberdiek/grfext.sty
Package: grfext 2016/05/16 v1.2 Manage graphics extensions (HO)
)
Package epstopdf-base Info: Redefining graphics rule for `.eps' on input line 4
38.
Package grfext Info: Graphics extension search list:
(grfext)             [.pdf,.png,.jpg,.mps,.jpeg,.jbig2,.jb2,.PDF,.PNG,.JPG,.JPE
G,.JBIG2,.JB2,.eps]
(grfext)             \AppendGraphicsExtensions on input line 456.

(/usr/local/texlive/2018/texmf-dist/tex/latex/latexconfig/epstopdf-sys.cfg
File: epstopdf-sys.cfg 2010/07/13 v1.3 Configuration of (r)epstopdf for TeX Liv
e
))
Package caption Info: Begin \AtBeginDocument code.
Package caption Info: hyperref package is loaded.
Package caption Info: End \AtBeginDocument code.
\AtBeginShipoutBox=\box30
Package hyperref Info: Link coloring OFF on input line 27.

(/usr/local/texlive/2018/texmf-dist/tex/latex/hyperref/nameref.sty
Package: nameref 2016/05/21 v2.44 Cross-referencing by name of section

(/usr/local/texlive/2018/texmf-dist/tex/generic/oberdiek/gettitlestring.sty
Package: gettitlestring 2016/05/16 v1.5 Cleanup title references (HO)
)
\c@section@level=\count121
)
LaTeX Info: Redefining \ref on input line 27.
LaTeX Info: Redefining \pageref on input line 27.
LaTeX Info: Redefining \nameref on input line 27.

(./Data_698_final.out) (./Data_698_final.out)
\@outlinefile=\write3
\openout3 = `Data_698_final.out'.

LaTeX Font Info:    Try loading font information for U+msa on input line 29.

(/usr/local/texlive/2018/texmf-dist/tex/latex/amsfonts/umsa.fd
File: umsa.fd 2013/01/14 v3.01 AMS symbols A
)
LaTeX Font Info:    Try loading font information for U+msb on input line 29.

(/usr/local/texlive/2018/texmf-dist/tex/latex/amsfonts/umsb.fd
File: umsb.fd 2013/01/14 v3.01 AMS symbols B
) [1

{/usr/local/texlive/2018/texmf-var/fonts/map/pdftex/updmap/pdftex.map}]
Underfull \hbox (badness 10000) in paragraph at lines 46--47

 []


Underfull \hbox (badness 10000) in paragraph at lines 48--49

 []


Underfull \hbox (badness 10000) in paragraph at lines 58--59

 []

[2]
Underfull \hbox (badness 10000) in paragraph at lines 60--61

 []

LaTeX Font Info:    Try loading font information for OMS+cmr on input line 66.
(/usr/local/texlive/2018/texmf-dist/tex/latex/base/omscmr.fd
File: omscmr.fd 2014/09/29 v2.5h Standard LaTeX font definitions
)
LaTeX Font Info:    Font shape `OMS/cmr/m/n' in size <10.95> not available
(Font)              Font shape `OMS/cmsy/m/n' tried instead on input line 66.

Underfull \hbox (badness 10000) in paragraph at lines 72--73

 []

[3]
Underfull \hbox (badness 10000) in paragraph at lines 84--85

 []


Underfull \hbox (badness 10000) in paragraph at lines 86--87

 []

[4] [5]
Underfull \hbox (badness 10000) in paragraph at lines 109--110

 []

<figures/fig_1.png, id=199, 433.62pt x 433.62pt>
File: figures/fig_1.png Graphic file (type png)
<use figures/fig_1.png>
Package pdftex.def Info: figures/fig_1.png  used on input line 127.
(pdftex.def)             Requested size: 218.61795pt x 218.62239pt.
[6 <./figures/fig_1.png>]
Underfull \hbox (badness 10000) in paragraph at lines 140--141

 []

<figures/fig_2.png, id=208, 433.62pt x 433.62pt>
File: figures/fig_2.png Graphic file (type png)
<use figures/fig_2.png>
Package pdftex.def Info: figures/fig_2.png  used on input line 144.
(pdftex.def)             Requested size: 238.49342pt x 238.49835pt.

Underfull \hbox (badness 10000) in paragraph at lines 162--163

 []

[7 <./figures/fig_2.png>]
Underfull \hbox (badness 10000) in paragraph at lines 169--170

 []

<figures/fig_3.png, id=219, 722.7pt x 433.62pt>
File: figures/fig_3.png Graphic file (type png)
<use figures/fig_3.png>
Package pdftex.def Info: figures/fig_3.png  used on input line 173.
(pdftex.def)             Requested size: 397.485pt x 238.49173pt.
[8 <./figures/fig_3.png>]
Underfull \hbox (badness 10000) in paragraph at lines 192--193

 []


Underfull \hbox (badness 10000) in paragraph at lines 208--209

 []

[9]
Underfull \hbox (badness 10000) in paragraph at lines 230--231

 []

<figures/fig_4.png, id=244, 462.528pt x 346.896pt>
File: figures/fig_4.png Graphic file (type png)
<use figures/fig_4.png>
Package pdftex.def Info: figures/fig_4.png  used on input line 234.
(pdftex.def)             Requested size: 238.49342pt x 178.8731pt.

Underfull \hbox (badness 10000) in paragraph at lines 248--249

 []

[10 <./figures/fig_4.png>]
<figures/fig_5.png, id=256, 722.7pt x 433.62pt>
File: figures/fig_5.png Graphic file (type png)
<use figures/fig_5.png>
Package pdftex.def Info: figures/fig_5.png  used on input line 280.
(pdftex.def)             Requested size: 397.485pt x 238.49173pt.


LaTeX Warning: `!h' float specifier changed to `!ht'.

<figures/fig_6.png, id=257, 722.7pt x 433.62pt>
File: figures/fig_6.png Graphic file (type png)
<use figures/fig_6.png>
Package pdftex.def Info: figures/fig_6.png  used on input line 288.
(pdftex.def)             Requested size: 397.485pt x 238.49173pt.

LaTeX Warning: `!h' float specifier changed to `!ht'.

[11] [12 <./figures/fig_5.png> <./figures/fig_6.png>]
<figures/fig_7.png, id=279, 722.7pt x 433.62pt>
File: figures/fig_7.png Graphic file (type png)
<use figures/fig_7.png>
Package pdftex.def Info: figures/fig_7.png  used on input line 304.
(pdftex.def)             Requested size: 298.11374pt x 178.87045pt.
<figures/fig_8.png, id=280, 433.62pt x 433.62pt>
File: figures/fig_8.png Graphic file (type png)
<use figures/fig_8.png>
Package pdftex.def Info: figures/fig_8.png  used on input line 313.
(pdftex.def)             Requested size: 198.7425pt x 198.74641pt.
 [13 <./figures/fig_7.png> <./figures/fig_8.png>]
Underfull \hbox (badness 10000) in paragraph at lines 326--327

 []


Underfull \hbox (badness 10000) in paragraph at lines 328--329

 []


Overfull \hbox (14.10573pt too wide) in paragraph at lines 334--335
[]\OT1/cmr/bx/n/10.95 Kernel Type: \OT1/cmr/m/n/10.95 The func-tion used to tra
ns-form the data into a higher-dimensional
 []

[14]
Underfull \hbox (badness 10000) in paragraph at lines 357--358

 []


Underfull \hbox (badness 10000) in paragraph at lines 365--366

 []


Underfull \hbox (badness 10000) in paragraph at lines 375--376

 []

[15]
Underfull \hbox (badness 10000) in paragraph at lines 388--389

 []


LaTeX Warning: `!h' float specifier changed to `!ht'.


Underfull \hbox (badness 10000) in paragraph at lines 404--405

 []

[16]
Underfull \hbox (badness 10000) in paragraph at lines 420--421

 []


Underfull \hbox (badness 10000) in paragraph at lines 422--423

 []

[17]
Underfull \hbox (badness 10000) in paragraph at lines 440--441

 []


Underfull \hbox (badness 10000) in paragraph at lines 442--443

 []

LaTeX Font Info:    Font shape `OT1/cmtt/bx/n' in size <10.95> not available
(Font)              Font shape `OT1/cmtt/m/n' tried instead on input line 448.
[18] [19]
Underfull \hbox (badness 10000) in paragraph at lines 496--497

 []

[20] [21]
Underfull \hbox (badness 10000) in paragraph at lines 576--577

 []

[22]
Underfull \hbox (badness 10000) in paragraph at lines 586--587

 []

[23]
<figures/svm_results.png, id=365, 395.4775pt x 159.59625pt>
File: figures/svm_results.png Graphic file (type png)
<use figures/svm_results.png>
Package pdftex.def Info: figures/svm_results.png  used on input line 620.
(pdftex.def)             Requested size: 238.49342pt x 96.24551pt.
<figures/fig_9.png, id=366, 722.7pt x 433.62pt>
File: figures/fig_9.png Graphic file (type png)
<use figures/fig_9.png>
Package pdftex.def Info: figures/fig_9.png  used on input line 627.
(pdftex.def)             Requested size: 397.485pt x 238.49173pt.


LaTeX Warning: `!h' float specifier changed to `!ht'.

[24 <./figures/svm_results.png> <./figures/fig_9.png>]
<figures/rf_results.png, id=375, 401.5pt x 158.5925pt>
File: figures/rf_results.png Graphic file (type png)
<use figures/rf_results.png>
Package pdftex.def Info: figures/rf_results.png  used on input line 659.
(pdftex.def)             Requested size: 238.49342pt x 94.2076pt.
<figures/fig_10.png, id=376, 722.7pt x 433.62pt>
File: figures/fig_10.png Graphic file (type png)
<use figures/fig_10.png>
Package pdftex.def Info: figures/fig_10.png  used on input line 666.
(pdftex.def)             Requested size: 397.485pt x 238.49173pt.
<figures/fig_11.png, id=377, 578.16pt x 722.7pt>
File: figures/fig_11.png Graphic file (type png)
<use figures/fig_11.png>
Package pdftex.def Info: figures/fig_11.png  used on input line 682.
(pdftex.def)             Requested size: 278.23828pt x 347.79631pt.
 [25 <./figures/rf_results.png> <./figures/fig_10.png>] [26 <./figures/fig_11.p
ng>]
<figures/fig_12.png, id=395, 433.62pt x 433.62pt>
File: figures/fig_12.png Graphic file (type png)
<use figures/fig_12.png>
Package pdftex.def Info: figures/fig_12.png  used on input line 706.
(pdftex.def)             Requested size: 218.61795pt x 218.62239pt.
<figures/fig_13.png, id=396, 578.16pt x 722.7pt>
File: figures/fig_13.png Graphic file (type png)
<use figures/fig_13.png>
Package pdftex.def Info: figures/fig_13.png  used on input line 722.
(pdftex.def)             Requested size: 278.23828pt x 347.79631pt.
 [27 <./figures/fig_12.png>] [28 <./figures/fig_13.png>]
<figures/qsvm_results.png, id=410, 395.4775pt x 134.5025pt>
File: figures/qsvm_results.png Graphic file (type png)
<use figures/qsvm_results.png>
Package pdftex.def Info: figures/qsvm_results.png  used on input line 762.
(pdftex.def)             Requested size: 278.23828pt x 94.62929pt.
 [29 <./figures/qsvm_results.png>]
<figures/fig_14.png, id=418, 578.16pt x 722.7pt>
File: figures/fig_14.png Graphic file (type png)
<use figures/fig_14.png>
Package pdftex.def Info: figures/fig_14.png  used on input line 777.
(pdftex.def)             Requested size: 278.23828pt x 347.79631pt.
 [30 <./figures/fig_14.png>]
<figures/qrf_results.png, id=426, 393.47pt x 129.48375pt>
File: figures/qrf_results.png Graphic file (type png)
<use figures/qrf_results.png>
Package pdftex.def Info: figures/qrf_results.png  used on input line 819.
(pdftex.def)             Requested size: 278.23828pt x 91.56264pt.

Underfull \hbox (badness 10000) in paragraph at lines 830--831

 []

[31 <./figures/qrf_results.png>]
<figures/fig_15.png, id=436, 462.528pt x 346.896pt>
File: figures/fig_15.png Graphic file (type png)
<use figures/fig_15.png>
Package pdftex.def Info: figures/fig_15.png  used on input line 836.
(pdftex.def)             Requested size: 278.23828pt x 208.68968pt.

Underfull \hbox (badness 10000) in paragraph at lines 842--843

 []

[32 <./figures/fig_15.png>] [33]
Overfull \hbox (33.61531pt too wide) in paragraph at lines 862--863
\OT1/cmr/m/n/10.95 tion De-ci-sion Tree Con-struct-ing Al-go-rithm C5.0," //\OT
1/cmr/m/it/10.95 arXiv \OT1/cmr/m/n/10.95 preprint arXiv:1907.06840,
 []


Overfull \hbox (20.44487pt too wide) in paragraph at lines 864--865
\OT1/cmr/m/n/10.95 Clas-si-fi-ca-tion Prob-lem by En-sem-ble Meth-ods," //\OT1/
cmr/m/it/10.95 arXiv \OT1/cmr/m/n/10.95 preprint arXiv:2112.13346,
 []


Overfull \hbox (4.6543pt too wide) in paragraph at lines 882--883
[][]\OT1/cmr/m/n/10.95 E.A. Cher-rat, S. Raj, I. Kereni-dis, A. Shekhar, B. Woo
d, J. Dee, S. Chakrabarti,
 []

[34]
Overfull \hbox (42.76642pt too wide) in paragraph at lines 892--893
[][]\OT1/cmr/m/n/10.95 Nidula El-giriye-with-ana, \Credit Card Fraud De-tec-tio
n Dataset 2023," www.kaggle.com,
 []

[35]
Overfull \hbox (0.39018pt too wide) in paragraph at lines 916--917
[][]\OT1/cmr/m/n/10.95 A. Javadi-Abhari, et. al., ``Quan-tum com-put-ing with Q
iskit," //\OT1/cmr/m/it/10.95 arXiv \OT1/cmr/m/n/10.95 preprint
 []

Package atveryend Info: Empty hook `BeforeClearDocument' on input line 930.
[36]
Package atveryend Info: Empty hook `AfterLastShipout' on input line 930.
 (./Data_698_final.aux)
Package atveryend Info: Executing hook `AtVeryEndDocument' on input line 930.
Package atveryend Info: Executing hook `AtEndAfterFileList' on input line 930.
Package rerunfilecheck Info: File `Data_698_final.out' has not changed.
(rerunfilecheck)             Checksum: 7449237B3B5247165628114C99BFDF25;2192.


LaTeX Warning: There were multiply-defined labels.

Package atveryend Info: Empty hook `AtVeryVeryEnd' on input line 930.
 ) 
Here is how much of TeX's memory you used:
 8022 strings out of 492649
 120437 string characters out of 6129622
 221693 words of memory out of 5000000
 11644 multiletter control sequences out of 15000+600000
 14830 words of font info for 58 fonts, out of 8000000 for 9000
 1141 hyphenation exceptions out of 8191
 36i,12n,39p,1569b,456s stack positions out of 5000i,500n,10000p,200000b,80000s
</usr/local/texlive/2018/texmf-dist/fonts/type1/public/amsfonts/cm/cmbx10.pfb
></usr/local/texlive/2018/texmf-dist/fonts/type1/public/amsfonts/cm/cmbx12.pfb>
</usr/local/texlive/2018/texmf-dist/fonts/type1/public/amsfonts/cm/cmex10.pfb><
/usr/local/texlive/2018/texmf-dist/fonts/type1/public/amsfonts/cm/cmmi10.pfb></
usr/local/texlive/2018/texmf-dist/fonts/type1/public/amsfonts/cm/cmmi6.pfb></us
r/local/texlive/2018/texmf-dist/fonts/type1/public/amsfonts/cm/cmmi8.pfb></usr/
local/texlive/2018/texmf-dist/fonts/type1/public/amsfonts/cm/cmr10.pfb></usr/lo
cal/texlive/2018/texmf-dist/fonts/type1/public/amsfonts/cm/cmr12.pfb></usr/loca
l/texlive/2018/texmf-dist/fonts/type1/public/amsfonts/cm/cmr17.pfb></usr/local/
texlive/2018/texmf-dist/fonts/type1/public/amsfonts/cm/cmr6.pfb></usr/local/tex
live/2018/texmf-dist/fonts/type1/public/amsfonts/cm/cmr8.pfb></usr/local/texliv
e/2018/texmf-dist/fonts/type1/public/amsfonts/cm/cmsy10.pfb></usr/local/texlive
/2018/texmf-dist/fonts/type1/public/amsfonts/cm/cmsy6.pfb></usr/local/texlive/2
018/texmf-dist/fonts/type1/public/amsfonts/cm/cmsy8.pfb></usr/local/texlive/201
8/texmf-dist/fonts/type1/public/amsfonts/cm/cmti10.pfb></usr/local/texlive/2018
/texmf-dist/fonts/type1/public/amsfonts/cm/cmtt10.pfb></usr/local/texlive/2018/
texmf-dist/fonts/type1/public/amsfonts/symbols/msbm10.pfb>
Output written on Data_698_final.pdf (36 pages, 898910 bytes).
PDF statistics:
 648 PDF objects out of 1000 (max. 8388607)
 549 compressed objects within 6 object streams
 160 named destinations out of 1000 (max. 500000)
 360 words of extra memory for PDF output out of 10000 (max. 10000000)

